0 info it worked if it ends with ok
1 verbose cli [ '/usr/local/bin/node', '/usr/local/bin/npm', 'run', 'sass' ]
2 info using npm@3.8.3
3 info using node@v5.10.1
4 verbose run-script [ 'presass', 'sass', 'postsass' ]
5 info lifecycle angular2-invoice@1.0.0~presass: angular2-invoice@1.0.0
6 silly lifecycle angular2-invoice@1.0.0~presass: no script for presass, continuing
7 info lifecycle angular2-invoice@1.0.0~sass: angular2-invoice@1.0.0
8 verbose lifecycle angular2-invoice@1.0.0~sass: unsafe-perm in lifecycle true
9 verbose lifecycle angular2-invoice@1.0.0~sass: PATH: /usr/local/lib/node_modules/npm/bin/node-gyp-bin:/Users/Ls/code/clones/angular2-invoice/node_modules/.bin:/usr/local/bin:/Applications/MAMP/bin/php/php7.0.0export/bin:/usr/local/bin:/usr/local/sbin:/usr/local/mysql/bin:/Users/Ls/Library/Android/sdk/platform-tools:/Users/Ls/Library/Android/sdk/tools:/Users/Ls/.rvm/gems/ruby-2.3.0/bin:/Users/Ls/.rvm/gems/ruby-2.3.0@global/bin:/Users/Ls/.rvm/rubies/ruby-2.3.0/bin:/usr/local/bin:/usr/local/bin:/usr/bin:/bin:/usr/sbin:/sbin:/Users/Ls/.rvm/bin:/Users/Ls/Library/Android/sdk/tools:/Users/Ls/Library/Android/sdk/platforms-tools:/Users/Ls/.android/avd/tools:/Users/Ls/.android/avd/platforms-tools:/Applications/MAMP/htdocs/magento2/bin
10 verbose lifecycle angular2-invoice@1.0.0~sass: CWD: /Users/Ls/code/clones/angular2-invoice
11 silly lifecycle angular2-invoice@1.0.0~sass: Args: [ '-c',
11 silly lifecycle   'node-sass src/css/app.scss && node-sass -w src/css/app.scss src/css/app.css' ]
12 silly lifecycle angular2-invoice@1.0.0~sass: Returned: code: 1  signal: null
13 info lifecycle angular2-invoice@1.0.0~sass: Failed to exec sass script
14 verbose stack Error: angular2-invoice@1.0.0 sass: `node-sass src/css/app.scss && node-sass -w src/css/app.scss src/css/app.css`
14 verbose stack Exit status 1
14 verbose stack     at EventEmitter.<anonymous> (/usr/local/lib/node_modules/npm/lib/utils/lifecycle.js:239:16)
14 verbose stack     at emitTwo (events.js:100:13)
14 verbose stack     at EventEmitter.emit (events.js:185:7)
14 verbose stack     at ChildProcess.<anonymous> (/usr/local/lib/node_modules/npm/lib/utils/spawn.js:24:14)
14 verbose stack     at emitTwo (events.js:100:13)
14 verbose stack     at ChildProcess.emit (events.js:185:7)
14 verbose stack     at maybeClose (internal/child_process.js:850:16)
14 verbose stack     at Process.ChildProcess._handle.onexit (internal/child_process.js:215:5)
15 verbose pkgid angular2-invoice@1.0.0
16 verbose cwd /Users/Ls/code/clones/angular2-invoice
17 error Darwin 15.4.0
18 error argv "/usr/local/bin/node" "/usr/local/bin/npm" "run" "sass"
19 error node v5.10.1
20 error npm  v3.8.3
21 error code ELIFECYCLE
22 error angular2-invoice@1.0.0 sass: `node-sass src/css/app.scss && node-sass -w src/css/app.scss src/css/app.css`
22 error Exit status 1
23 error Failed at the angular2-invoice@1.0.0 sass script 'node-sass src/css/app.scss && node-sass -w src/css/app.scss src/css/app.css'.
23 error Make sure you have the latest version of node.js and npm installed.
23 error If you do, this is most likely a problem with the angular2-invoice package,
23 error not with npm itself.
23 error Tell the author that this fails on your system:
23 error     node-sass src/css/app.scss && node-sass -w src/css/app.scss src/css/app.css
23 error You can get information on how to open an issue for this project with:
23 error     npm bugs angular2-invoice
23 error Or if that isn't available, you can get their info via:
23 error     npm owner ls angular2-invoice
23 error There is likely additional logging output above.
24 verbose exit [ 1, true ]
